<?xml version="1.0" encoding="UTF-8"?>
<!-- Generated by org.testng.reporters.JUnitReportReporter -->
<testsuite skipped="0" hostname="Nani" name="TestNG.Sample" tests="1" failures="0" timestamp="14 Oct 2018 20:11:43 GMT" time="0.015" errors="0">
  <testcase name="test1" time="0.015" classname="TestNG.Sample"/>
</testsuite> <!-- TestNG.Sample -->
